<!DOCTYPE html PUBLIC "-//W3C//DTD XHTML 1.1//EN" "http://www.w3.org/TR/xhtml11/DTD/xhtml11.dtd">
<html xmlns="http://www.w3.org/1999/xhtml"><head><title>TestNG Report</title><style type="text/css">table {margin-bottom:10px;border-collapse:collapse;empty-cells:show}th,td {border:1px solid #009;padding:.25em .5em}th {vertical-align:bottom}td {vertical-align:top}table a {font-weight:bold}.stripe td {background-color: #E6EBF9}.num {text-align:right}.passedodd td {background-color: #3F3}.passedeven td {background-color: #0A0}.skippedodd td {background-color: #DDD}.skippedeven td {background-color: #CCC}.failedodd td,.attn {background-color: #F33}.failedeven td,.stripe .attn {background-color: #D00}.stacktrace {white-space:pre;font-family:monospace}.totop {font-size:85%;text-align:center;border-bottom:2px solid #000}</style></head><body><table><tr><th>Test</th><th># Passed</th><th># Skipped</th><th># Failed</th><th>Time (ms)</th><th>Included Groups</th><th>Excluded Groups</th></tr><tr><th colspan="7">OrangeHRM Test suite</th></tr><tr><td><a href="#t0">Login on OrangeHRM</a></td><td class="num">1</td><td class="num">0</td><td class="num">0</td><td class="num">27,500</td><td></td><td></td></tr><tr class="stripe"><td><a href="#t1">AddEmployee on OrangeHRM</a></td><td class="num">1</td><td class="num">0</td><td class="num">0</td><td class="num">14,099</td><td></td><td></td></tr><tr><td><a href="#t2">Failure on OrangeHRM</a></td><td class="num">0</td><td class="num">0</td><td class="num attn">1</td><td class="num">10,336</td><td></td><td></td></tr><tr><th>Total</th><th class="num">2</th><th class="num">0</th><th class="num attn">1</th><th class="num">51,935</th><th colspan="2"></th></tr></table><table><thead><tr><th>Class</th><th>Method</th><th>Start</th><th>Time (ms)</th></tr></thead><tbody><tr><th colspan="4">OrangeHRM Test suite</th></tr></tbody><tbody id="t0"><tr><th colspan="4">Login on OrangeHRM &#8212; passed</th></tr><tr class="passedeven"><td rowspan="1">OrangeHRM.Loginusingreflections</td><td><a href="#m0">loginTest</a></td><td rowspan="1">1428740734349</td><td rowspan="1">27456</td></tr></tbody><tbody id="t1"><tr><th colspan="4">AddEmployee on OrangeHRM &#8212; passed</th></tr><tr class="passedeven"><td rowspan="1">OrangeHRM.Addemployee</td><td><a href="#m1">addEmployeeTest</a></td><td rowspan="1">1428740761872</td><td rowspan="1">14092</td></tr></tbody><tbody id="t2"><tr><th colspan="4">Failure on OrangeHRM &#8212; failed</th></tr><tr class="failedeven"><td rowspan="1">OrangeHRM.Failure</td><td><a href="#m2">failTest</a></td><td rowspan="1">1428740775982</td><td rowspan="1">10290</td></tr></tbody></table><h2>Login on OrangeHRM</h2><h3 id="m0">OrangeHRM.Loginusingreflections#loginTest</h3><table class="result"></table><p class="totop"><a href="#summary">back to summary</a></p><h2>AddEmployee on OrangeHRM</h2><h3 id="m1">OrangeHRM.Addemployee#addEmployeeTest</h3><table class="result"></table><p class="totop"><a href="#summary">back to summary</a></p><h2>Failure on OrangeHRM</h2><h3 id="m2">OrangeHRM.Failure#failTest</h3><table class="result"><tr><th>Exception</th></tr><tr><td><div class="stacktrace">org.openqa.selenium.NoSuchElementException: Unable to locate element: {&quot;method&quot;:&quot;id&quot;,&quot;selector&quot;:&quot;abc&quot;}
Command duration or timeout: 10.25 seconds
For documentation on this error, please visit: http://seleniumhq.org/exceptions/no_such_element.html
Build info: version: &apos;2.45.0&apos;, revision: &apos;5017cb8&apos;, time: &apos;2015-02-26 23:59:50&apos;
System info: host: &apos;sys&apos;, ip: &apos;127.0.0.1&apos;, os.name: &apos;Windows 7&apos;, os.arch: &apos;amd64&apos;, os.version: &apos;6.1&apos;, java.version: &apos;1.7.0_55&apos;
*** Element info: {Using=id, value=abc}
Session ID: 3bc1c403-09d6-4b40-8cf9-b89779192d8e
Driver info: org.openqa.selenium.firefox.FirefoxDriver
Capabilities [{platform=WINDOWS, acceptSslCerts=true, javascriptEnabled=true, cssSelectorsEnabled=true, databaseEnabled=true, browserName=firefox, handlesAlerts=true, nativeEvents=false, webStorageEnabled=true, rotatable=false, locationContextEnabled=true, applicationCacheEnabled=true, takesScreenshot=true, version=32.0.3}]
	at org.openqa.selenium.remote.ErrorHandler.createThrowable(ErrorHandler.java:204)
	at org.openqa.selenium.remote.ErrorHandler.throwIfResponseFailed(ErrorHandler.java:156)
	at org.openqa.selenium.remote.RemoteWebDriver.execute(RemoteWebDriver.java:599)
	at org.openqa.selenium.remote.RemoteWebDriver.findElement(RemoteWebDriver.java:352)
	at org.openqa.selenium.remote.RemoteWebDriver.findElementById(RemoteWebDriver.java:393)
	at org.openqa.selenium.By$ById.findElement(By.java:214)
	at org.openqa.selenium.remote.RemoteWebDriver.findElement(RemoteWebDriver.java:344)
	at OrangeHRM.Failure.failTest(Failure.java:10)
Caused by: org.openqa.selenium.NoSuchElementException: Unable to locate element: {&quot;method&quot;:&quot;id&quot;,&quot;selector&quot;:&quot;abc&quot;}
For documentation on this error, please visit: http://seleniumhq.org/exceptions/no_such_element.html
Build info: version: &apos;2.45.0&apos;, revision: &apos;5017cb8&apos;, time: &apos;2015-02-26 23:59:50&apos;
System info: host: &apos;sys&apos;, ip: &apos;127.0.0.1&apos;, os.name: &apos;Windows 7&apos;, os.arch: &apos;amd64&apos;, os.version: &apos;6.1&apos;, java.version: &apos;1.7.0_55&apos;
Driver info: driver.version: unknown
	at &lt;anonymous class&gt;.FirefoxDriver.prototype.findElementInternal_(file:///C:/Users/sai/AppData/Local/Temp/anonymous3271238949726795488webdriver-profile/extensions/fxdriver@googlecode.com/components/driver-component.js:10271)
	at &lt;anonymous class&gt;.fxdriver.Timer.prototype.setTimeout/&lt;.notify(file:///C:/Users/sai/AppData/Local/Temp/anonymous3271238949726795488webdriver-profile/extensions/fxdriver@googlecode.com/components/driver-component.js:603)
... Removed 28 stack frames</div></td></tr></table><p class="totop"><a href="#summary">back to summary</a></p></body></html>